#	Memory Address	Machine Code	Hex	Mnemonic
1	00000000	00000000	00		halt 
2	00000001	00000001	01		pop 
3	00000010	00000010	02		dup 
4	00000011	00000011	03		exit 
5	00000100	00000100	04		ret 
6	00000101	00001100	0C		not  Label
7	00000110	00001101	0D		and 
8	00000111	00000111	07	Labe	;l ;532413465
9	00001000	00000000	00			;;
10	00001001	00001111	0F		xor 	;sfsdfsdfs
11	00001010	00010000	10		neg 	;sdfsdfds
12	00001011	00010001	11		inc 
13	00001100	00010010	12		dec 
14	00001101	00010011	13	Loop	add 
15	00001110	00010011	13		add 
16	00001111	00010100	14		sub 	;fdgfgg
17	00010000	00000000	00			;gfgfgfgfg
18	00010001	00000000	00			;gfgfgfgfg
19	00010010	00010101	15		mul 
20	00010011	00010110	16		div 
21	00010100	00000000	00			;dsfsdfdf
22	00010101	00010111	17		rem 	;add something
23	00010110	00011000	18		shl 
24	00010111	00011001	19		shr 
25	00011000	00011010	1A		teq 
26	00011001	00011011	1B		tne 
27	00011010	10110001	B1		ldv.u8 4564
28	00011011	00011100	1C		tlt 
29	00011100	00011101	1D		tgt 
30	00011101	00011110	1E		tle 
31	00011110	00011111	1F		tge 
32	00011111	00000000	00		halt 
